<?xml version="1.0" encoding="utf-8"?><testsuites><testsuite name="pytest" errors="0" failures="0" skipped="0" tests="4" time="1.504" timestamp="2021-02-18T21:21:44.194792" hostname="WPU8L0078027"><testcase classname="Tests.test_registration" name="test_successful_registration" time="0.195" /><testcase classname="Tests.test_registration" name="test_unsuccessful_registration" time="0.387" /><testcase classname="Tests.test_users" name="test_fetch_user" time="0.131" /><testcase classname="Tests.test_users" name="test_create_delete_user" time="0.306" /></testsuite></testsuites>